<?xml version="1.0" encoding="UTF-8"?>
<testsuite xmlns:xsi="http://www.w3.org/2001/XMLSchema-instance" xsi:noNamespaceSchemaLocation="https://maven.apache.org/surefire/maven-surefire-plugin/xsd/surefire-test-report-3.0.xsd" version="3.0" name="com.payment.paymentintegration.PaymentIntegrationApplicationTests" time="18.22" tests="1" errors="0" skipped="0" failures="0">
  <properties>
[...]
</properties>
  <testcase name="contextLoads" classname="com.payment.paymentintegration.PaymentIntegrationApplicationTests" time="0.655">
    <system-out><![CDATA[00:30:19.374 [main] INFO org.springframework.test.context.support.AnnotationConfigContextLoaderUtils -- Could not detect default configuration classes for test class [com.payment.paymentintegration.PaymentIntegrationApplicationTests]: PaymentIntegrationApplicationTests does not declare any static, non-private, non-final, nested classes annotated with @Configuration.
00:30:19.567 [main] INFO org.springframework.boot.test.context.SpringBootTestContextBootstrapper -- Found @SpringBootConfiguration com.payment.paymentintegration.PaymentIntegrationApplication for test class com.payment.paymentintegration.PaymentIntegrationApplicationTests

  .   ____          _            __ _ _
 /\\ / ___'_ __ _ _(_)_ __  __ _ \ \ \ \
( ( )\___ | '_ | '_| | '_ \/ _` | \ \ \ \
 \\/  ___)| |_)| | | | | || (_| |  ) ) ) )
  '  |____| .__|_| |_|_| |_\__, | / / / /
 =========|_|==============|___/=/_/_/_/

 :: Spring Boot ::                (v3.3.2)

2024-08-27T00:30:20.140+05:30  WARN 28148 --- [PaymentIntegration] [           main] ory$DuplicateJsonObjectContextCustomizer : 

Found multiple occurrences of org.json.JSONObject on the class path:

	jar:file:/C:/Users/haris/.m2/repository/com/vaadin/external/google/android-json/0.0.20131108.vaadin1/android-json-0.0.20131108.vaadin1.jar!/org/json/JSONObject.class
	jar:file:/C:/Users/haris/.m2/repository/org/json/json/20180130/json-20180130.jar!/org/json/JSONObject.class

You may wish to exclude one of them to ensure predictable runtime behavior

2024-08-27T00:30:20.159+05:30  INFO 28148 --- [PaymentIntegration] [           main] c.p.p.PaymentIntegrationApplicationTests : Starting PaymentIntegrationApplicationTests using Java 17.0.7 with PID 28148 (started by haris in E:\PaymentIntegration)
2024-08-27T00:30:20.160+05:30  INFO 28148 --- [PaymentIntegration] [           main] c.p.p.PaymentIntegrationApplicationTests : The following 1 profile is active: "prod"
2024-08-27T00:30:21.522+05:30  INFO 28148 --- [PaymentIntegration] [           main] .s.d.r.c.RepositoryConfigurationDelegate : Bootstrapping Spring Data JPA repositories in DEFAULT mode.
2024-08-27T00:30:21.599+05:30  INFO 28148 --- [PaymentIntegration] [           main] .s.d.r.c.RepositoryConfigurationDelegate : Finished Spring Data repository scanning in 71 ms. Found 4 JPA repository interfaces.
2024-08-27T00:30:22.522+05:30  INFO 28148 --- [PaymentIntegration] [           main] o.hibernate.jpa.internal.util.LogHelper  : HHH000204: Processing PersistenceUnitInfo [name: default]
2024-08-27T00:30:22.632+05:30  INFO 28148 --- [PaymentIntegration] [           main] org.hibernate.Version                    : HHH000412: Hibernate ORM core version 6.5.2.Final
2024-08-27T00:30:22.712+05:30  INFO 28148 --- [PaymentIntegration] [           main] o.h.c.internal.RegionFactoryInitiator    : HHH000026: Second-level cache disabled
2024-08-27T00:30:23.243+05:30  INFO 28148 --- [PaymentIntegration] [           main] o.s.o.j.p.SpringPersistenceUnitInfo      : No LoadTimeWeaver setup: ignoring JPA class transformer
2024-08-27T00:30:23.306+05:30  INFO 28148 --- [PaymentIntegration] [           main] com.zaxxer.hikari.HikariDataSource       : HikariPool-1 - Starting...
2024-08-27T00:30:25.633+05:30  INFO 28148 --- [PaymentIntegration] [           main] com.zaxxer.hikari.pool.HikariPool        : HikariPool-1 - Added connection org.postgresql.jdbc.PgConnection@5c740c5a
2024-08-27T00:30:25.635+05:30  INFO 28148 --- [PaymentIntegration] [           main] com.zaxxer.hikari.HikariDataSource       : HikariPool-1 - Start completed.
2024-08-27T00:30:28.009+05:30  INFO 28148 --- [PaymentIntegration] [           main] o.h.e.t.j.p.i.JtaPlatformInitiator       : HHH000489: No JTA platform available (set 'hibernate.transaction.jta.platform' to enable JTA platform integration)
2024-08-27T00:30:32.840+05:30  INFO 28148 --- [PaymentIntegration] [           main] j.LocalContainerEntityManagerFactoryBean : Initialized JPA EntityManagerFactory for persistence unit 'default'
2024-08-27T00:30:34.769+05:30  INFO 28148 --- [PaymentIntegration] [           main] c.p.p.c.ThymeleafTemplateConfig          : ClassLoaderTemplateResolver : org.thymeleaf.templateresolver.ClassLoaderTemplateResolver@34ac72c3
2024-08-27T00:30:34.803+05:30  WARN 28148 --- [PaymentIntegration] [           main] ion$DefaultTemplateResolverConfiguration : Cannot find template location: "templates/" (please add some templates, check your Thymeleaf configuration, or set spring.thymeleaf.check-template-location=false)
2024-08-27T00:30:35.183+05:30  WARN 28148 --- [PaymentIntegration] [           main] JpaBaseConfiguration$JpaWebConfiguration : spring.jpa.open-in-view is enabled by default. Therefore, database queries may be performed during view rendering. Explicitly configure spring.jpa.open-in-view to disable this warning
2024-08-27T00:30:35.246+05:30  INFO 28148 --- [PaymentIntegration] [           main] o.s.b.a.w.s.WelcomePageHandlerMapping    : Adding welcome page: class path resource [static/index.html]
2024-08-27T00:30:36.541+05:30  INFO 28148 --- [PaymentIntegration] [           main] o.s.b.a.e.web.EndpointLinksResolver      : Exposing 1 endpoint beneath base path '/actuator'
2024-08-27T00:30:36.628+05:30  INFO 28148 --- [PaymentIntegration] [           main] c.p.p.PaymentIntegrationApplicationTests : Started PaymentIntegrationApplicationTests in 16.838 seconds (process running for 18.289)
]]></system-out>
  </testcase>
</testsuite>